INFO:	The Game has booted	17/08/2018	07:45:52 AM
INFO:	Starting new game...	17/08/2018	07:45:56 AM
INFO:	Parameters Initialized	17/08/2018	07:45:56 AM
DEBUG:	Ate Red Apple at (400, 80)	17/08/2018	07:46:00 AM
DEBUG:	Ate Red Apple at (460, 400)	17/08/2018	07:46:03 AM
DEBUG:	que item 2 for 5000ms	17/08/2018	07:46:05 AM
DEBUG:	Ate Red Apple at (480, 80)	17/08/2018	07:46:05 AM
DEBUG:	Ate Cherry at (220, 300)	17/08/2018	07:46:08 AM
DEBUG:	Eggplant timed out at (220, 300)	17/08/2018	07:46:08 AM
DEBUG:	Stopped spawning food on top of the snake	17/08/2018	07:46:11 AM
DEBUG:	que item 2 for 5000ms	17/08/2018	07:46:11 AM
DEBUG:	Ate Red Apple at (600, 400)	17/08/2018	07:46:11 AM
DEBUG:	Ate Cherry at (460, 380)	17/08/2018	07:46:12 AM
DEBUG:	Eggplant timed out at (460, 380)	17/08/2018	07:46:12 AM
DEBUG:	Ate Gold Apple at (260, 400)	17/08/2018	07:46:13 AM
DEBUG:	que item 2 for 5000ms	17/08/2018	07:46:14 AM
DEBUG:	que item 2 for 5000ms	17/08/2018	07:46:14 AM
DEBUG:	Ate Gold Apple at (260, 320)	17/08/2018	07:46:14 AM
DEBUG:	Ate Cherry at (440, 220)	17/08/2018	07:46:15 AM
DEBUG:	Eggplant timed out at (440, 220)	17/08/2018	07:46:15 AM
DEBUG:	Ate Cherry at (460, 400)	17/08/2018	07:46:16 AM
DEBUG:	Eggplant timed out at (460, 400)	17/08/2018	07:46:16 AM
DEBUG:	que item 2 for 5000ms	17/08/2018	07:46:19 AM
DEBUG:	que item 2 for 5000ms	17/08/2018	07:46:19 AM
DEBUG:	Ate Gold Apple at (680, 180)	17/08/2018	07:46:19 AM
DEBUG:	Ate Gold Apple at (440, 240)	17/08/2018	07:46:20 AM
DEBUG:	Ate Cherry at (140, 240)	17/08/2018	07:46:22 AM
DEBUG:	Eggplant timed out at (140, 240)	17/08/2018	07:46:22 AM
DEBUG:	Eggplant timed out at (340, 200)	17/08/2018	07:46:24 AM
DEBUG:	que item 2 for 5000ms	17/08/2018	07:46:25 AM
DEBUG:	que item 2 for 5000ms	17/08/2018	07:46:25 AM
DEBUG:	Ate Gold Apple at (500, 340)	17/08/2018	07:46:25 AM
DEBUG:	Ate Cherry at (620, 440)	17/08/2018	07:46:27 AM
DEBUG:	Eggplant timed out at (620, 440)	17/08/2018	07:46:27 AM
DEBUG:	que item 2 for 5000ms	17/08/2018	07:46:27 AM
DEBUG:	que item 2 for 5000ms	17/08/2018	07:46:27 AM
DEBUG:	Ate Gold Apple at (640, 480)	17/08/2018	07:46:27 AM
DEBUG:	Ate Cherry at (80, 360)	17/08/2018	07:46:29 AM
DEBUG:	Eggplant timed out at (80, 360)	17/08/2018	07:46:29 AM
DEBUG:	Ate Red Apple at (260, 240)	17/08/2018	07:46:31 AM
DEBUG:	Ate Cherry at (280, 160)	17/08/2018	07:46:31 AM
DEBUG:	Eggplant timed out at (280, 160)	17/08/2018	07:46:31 AM
DEBUG:	Eggplant timed out at (500, 140)	17/08/2018	07:46:32 AM
DEBUG:	que item 2 for 5000ms	17/08/2018	07:46:33 AM
DEBUG:	Ate Red Apple at (480, 120)	17/08/2018	07:46:33 AM
DEBUG:	Ate Cherry at (120, 240)	17/08/2018	07:46:35 AM
DEBUG:	Eggplant timed out at (120, 240)	17/08/2018	07:46:35 AM
DEBUG:	Ate Gold Apple at (100, 160)	17/08/2018	07:46:36 AM
DEBUG:	Ate Gold Apple at (100, 60)	17/08/2018	07:46:36 AM
DEBUG:	que item 3 for 5000ms	17/08/2018	07:46:38 AM
DEBUG:	Ate Red Apple at (280, 240)	17/08/2018	07:46:38 AM
DEBUG:	Ate Gold Apple at (440, 260)	17/08/2018	07:46:39 AM
DEBUG:	Ate Red Apple at (340, 140)	17/08/2018	07:46:40 AM
DEBUG:	que item 3 for 5000ms	17/08/2018	07:46:41 AM
DEBUG:	Ate Eggplant at (120, 160)	17/08/2018	07:46:41 AM
DEBUG:	Eggplant timed out at (120, 160)	17/08/2018	07:46:41 AM
DEBUG:	Ate Gold Apple at (60, 360)	17/08/2018	07:46:42 AM
DEBUG:	que item 2 for 5000ms	17/08/2018	07:46:43 AM
DEBUG:	que item 2 for 5000ms	17/08/2018	07:46:43 AM
DEBUG:	Ate Gold Apple at (80, 460)	17/08/2018	07:46:43 AM
DEBUG:	Ate Cherry at (420, 80)	17/08/2018	07:46:46 AM
DEBUG:	Eggplant timed out at (420, 80)	17/08/2018	07:46:46 AM
DEBUG:	que item 2 for 5000ms	17/08/2018	07:46:46 AM
DEBUG:	Ate Red Apple at (400, 100)	17/08/2018	07:46:46 AM
DEBUG:	Ate Red Apple at (400, 120)	17/08/2018	07:46:46 AM
DEBUG:	Ate Cherry at (400, 140)	17/08/2018	07:46:46 AM
DEBUG:	Eggplant timed out at (400, 140)	17/08/2018	07:46:46 AM
DEBUG:	Eggplant timed out at (100, 340)	17/08/2018	07:46:46 AM
DEBUG:	Ate Cherry at (560, 300)	17/08/2018	07:46:48 AM
DEBUG:	Eggplant timed out at (560, 300)	17/08/2018	07:46:48 AM
DEBUG:	Ate Red Apple at (500, 440)	17/08/2018	07:46:49 AM
DEBUG:	Ate Red Apple at (340, 320)	17/08/2018	07:46:50 AM
DEBUG:	Ate Red Apple at (180, 100)	17/08/2018	07:46:52 AM
DEBUG:	que item 2 for 5000ms	17/08/2018	07:46:53 AM
DEBUG:	Ate Red Apple at (360, 60)	17/08/2018	07:46:53 AM
DEBUG:	Ate Gold Apple at (440, 100)	17/08/2018	07:46:54 AM
DEBUG:	Ate Red Apple at (500, 180)	17/08/2018	07:46:54 AM
DEBUG:	Ate Cherry at (400, 360)	17/08/2018	07:46:56 AM
DEBUG:	Eggplant timed out at (400, 360)	17/08/2018	07:46:56 AM
DEBUG:	que item 2 for 5000ms	17/08/2018	07:46:57 AM
DEBUG:	que item 2 for 5000ms	17/08/2018	07:46:57 AM
DEBUG:	Ate Gold Apple at (580, 400)	17/08/2018	07:46:57 AM
DEBUG:	Ate Cherry at (400, 200)	17/08/2018	07:46:59 AM
DEBUG:	Eggplant timed out at (400, 200)	17/08/2018	07:46:59 AM
DEBUG:	Eggplant timed out at (360, 160)	17/08/2018	07:47:02 AM
DEBUG:	Ate Red Apple at (300, 300)	17/08/2018	07:47:07 AM
DEBUG:	que item 2 for 5000ms	17/08/2018	07:47:08 AM
DEBUG:	que item 2 for 5000ms	17/08/2018	07:47:08 AM
DEBUG:	Ate Gold Apple at (320, 80)	17/08/2018	07:47:08 AM
DEBUG:	Ate Cherry at (420, 300)	17/08/2018	07:47:10 AM
DEBUG:	Eggplant timed out at (420, 300)	17/08/2018	07:47:10 AM
DEBUG:	Stopped spawning food on top of the snake	17/08/2018	07:47:12 AM
DEBUG:	Ate Gold Apple at (660, 140)	17/08/2018	07:47:12 AM
DEBUG:	Ate Gold Apple at (440, 140)	17/08/2018	07:47:13 AM
DEBUG:	Eggplant timed out at (60, 120)	17/08/2018	07:47:13 AM
DEBUG:	Stopped spawning food on top of the snake	17/08/2018	07:47:15 AM
DEBUG:	Ate Gold Apple at (200, 180)	17/08/2018	07:47:15 AM
DEBUG:	Ate Gold Apple at (480, 360)	17/08/2018	07:47:17 AM
DEBUG:	que item 2 for 5000ms	17/08/2018	07:47:17 AM
DEBUG:	que item 3 for 5000ms	17/08/2018	07:47:17 AM
DEBUG:	Ate Red Apple at (500, 360)	17/08/2018	07:47:17 AM
DEBUG:	Ate Red Apple at (560, 360)	17/08/2018	07:47:17 AM
DEBUG:	Ate Red Apple at (640, 200)	17/08/2018	07:47:20 AM
DEBUG:	Ate Cherry at (680, 380)	17/08/2018	07:47:21 AM
DEBUG:	Eggplant timed out at (680, 380)	17/08/2018	07:47:21 AM
DEBUG:	que item 3 for 5000ms	17/08/2018	07:47:22 AM
DEBUG:	Ate Eggplant at (540, 420)	17/08/2018	07:47:22 AM
DEBUG:	Eggplant timed out at (540, 420)	17/08/2018	07:47:22 AM
DEBUG:	que item 2 for 5000ms	17/08/2018	07:47:23 AM
DEBUG:	que item 2 for 5000ms	17/08/2018	07:47:23 AM
DEBUG:	Ate Gold Apple at (480, 280)	17/08/2018	07:47:23 AM
DEBUG:	Ate Cherry at (260, 240)	17/08/2018	07:47:25 AM
DEBUG:	Eggplant timed out at (260, 240)	17/08/2018	07:47:25 AM
DEBUG:	Ate Cherry at (180, 240)	17/08/2018	07:47:25 AM
DEBUG:	Eggplant timed out at (180, 240)	17/08/2018	07:47:25 AM
DEBUG:	Ate Red Apple at (440, 140)	17/08/2018	07:47:27 AM
DEBUG:	Eggplant timed out at (680, 120)	17/08/2018	07:47:27 AM
DEBUG:	Ate Red Apple at (520, 80)	17/08/2018	07:47:28 AM
DEBUG:	Ate Gold Apple at (600, 100)	17/08/2018	07:47:28 AM
DEBUG:	que item 2 for 5000ms	17/08/2018	07:47:33 AM
DEBUG:	Ate Red Apple at (220, 340)	17/08/2018	07:47:33 AM
DEBUG:	Eggplant timed out at (300, 400)	17/08/2018	07:47:38 AM
DEBUG:	que item 2 for 5000ms	17/08/2018	07:47:38 AM
DEBUG:	que item 3 for 5000ms	17/08/2018	07:47:38 AM
DEBUG:	Ate Red Apple at (680, 280)	17/08/2018	07:47:38 AM
DEBUG:	Ate Cherry at (520, 260)	17/08/2018	07:47:40 AM
DEBUG:	Eggplant timed out at (520, 260)	17/08/2018	07:47:40 AM
DEBUG:	que item 2 for 5000ms	17/08/2018	07:47:41 AM
DEBUG:	que item 2 for 5000ms	17/08/2018	07:47:41 AM
DEBUG:	Ate Gold Apple at (320, 300)	17/08/2018	07:47:41 AM
DEBUG:	que item 3 for 5000ms	17/08/2018	07:47:43 AM
DEBUG:	Ate Eggplant at (280, 400)	17/08/2018	07:47:43 AM
DEBUG:	Eggplant timed out at (280, 400)	17/08/2018	07:47:43 AM
DEBUG:	Ate Red Apple at (240, 380)	17/08/2018	07:47:43 AM
DEBUG:	Ate Cherry at (200, 280)	17/08/2018	07:47:44 AM
DEBUG:	Eggplant timed out at (200, 280)	17/08/2018	07:47:44 AM
DEBUG:	Ate Red Apple at (300, 80)	17/08/2018	07:47:45 AM
DEBUG:	Eggplant timed out at (260, 200)	17/08/2018	07:47:46 AM
DEBUG:	Ate Gold Apple at (100, 160)	17/08/2018	07:47:47 AM
DEBUG:	Eggplant timed out at (560, 360)	17/08/2018	07:47:48 AM
DEBUG:	Ate Gold Apple at (80, 460)	17/08/2018	07:47:48 AM
DEBUG:	Ate Gold Apple at (180, 480)	17/08/2018	07:47:49 AM
DEBUG:	Stopped spawning food on top of the snake	17/08/2018	07:47:49 AM
DEBUG:	Ate Gold Apple at (260, 420)	17/08/2018	07:47:49 AM
DEBUG:	Ate Red Apple at (580, 440)	17/08/2018	07:47:51 AM
DEBUG:	que item 2 for 5000ms	17/08/2018	07:47:52 AM
DEBUG:	Ate Red Apple at (660, 380)	17/08/2018	07:47:52 AM
DEBUG:	Ate Gold Apple at (500, 260)	17/08/2018	07:47:53 AM
DEBUG:	Ate Gold Apple at (400, 180)	17/08/2018	07:47:55 AM
DEBUG:	Stopped spawning food on top of the snake	17/08/2018	07:47:55 AM
DEBUG:	Ate Gold Apple at (480, 180)	17/08/2018	07:47:55 AM
DEBUG:	Eggplant timed out at (540, 80)	17/08/2018	07:47:57 AM
DEBUG:	Ate Red Apple at (160, 160)	17/08/2018	07:47:58 AM
DEBUG:	Ate Red Apple at (160, 140)	17/08/2018	07:47:58 AM
DEBUG:	Stopped spawning food on top of the snake	17/08/2018	07:48:02 AM
DEBUG:	que item 2 for 5000ms	17/08/2018	07:48:02 AM
DEBUG:	que item 2 for 5000ms	17/08/2018	07:48:02 AM
DEBUG:	Ate Gold Apple at (500, 160)	17/08/2018	07:48:02 AM
DEBUG:	que item 2 for 5000ms	17/08/2018	07:48:02 AM
DEBUG:	que item 2 for 5000ms	17/08/2018	07:48:02 AM
DEBUG:	Ate Gold Apple at (460, 160)	17/08/2018	07:48:02 AM
DEBUG:	Ate Cherry at (360, 300)	17/08/2018	07:48:05 AM
DEBUG:	Eggplant timed out at (360, 300)	17/08/2018	07:48:05 AM
DEBUG:	Ate Cherry at (680, 260)	17/08/2018	07:48:06 AM
DEBUG:	Eggplant timed out at (680, 260)	17/08/2018	07:48:06 AM
DEBUG:	Eggplant timed out at (80, 360)	17/08/2018	07:48:07 AM
DEBUG:	Ate Gold Apple at (480, 140)	17/08/2018	07:48:08 AM
DEBUG:	Ate Cherry at (360, 200)	17/08/2018	07:48:09 AM
DEBUG:	Eggplant timed out at (360, 200)	17/08/2018	07:48:09 AM
DEBUG:	Ate Gold Apple at (240, 320)	17/08/2018	07:48:10 AM
DEBUG:	que item 2 for 5000ms	17/08/2018	07:48:12 AM
DEBUG:	que item 2 for 5000ms	17/08/2018	07:48:12 AM
DEBUG:	Ate Gold Apple at (40, 320)	17/08/2018	07:48:12 AM
DEBUG:	Ate Red Apple at (40, 300)	17/08/2018	07:48:12 AM
DEBUG:	Ate Red Apple at (40, 280)	17/08/2018	07:48:12 AM
DEBUG:	Ate Cherry at (460, 200)	17/08/2018	07:48:16 AM
DEBUG:	Eggplant timed out at (460, 200)	17/08/2018	07:48:16 AM
DEBUG:	Eggplant timed out at (340, 100)	17/08/2018	07:48:17 AM
DEBUG:	Ate Gold Apple at (480, 360)	17/08/2018	07:48:17 AM
DEBUG:	que item 2 for 5000ms	17/08/2018	07:48:18 AM
DEBUG:	que item 2 for 5000ms	17/08/2018	07:48:18 AM
DEBUG:	Ate Gold Apple at (420, 460)	17/08/2018	07:48:18 AM
DEBUG:	Stopped spawning food on top of the snake	17/08/2018	07:48:18 AM
DEBUG:	Ate Gold Apple at (380, 440)	17/08/2018	07:48:18 AM
DEBUG:	Ate Red Apple at (340, 400)	17/08/2018	07:48:18 AM
DEBUG:	Ate Gold Apple at (260, 440)	17/08/2018	07:48:19 AM
DEBUG:	Ate Red Apple at (180, 360)	17/08/2018	07:48:20 AM
DEBUG:	que item 2 for 5000ms	17/08/2018	07:48:20 AM
DEBUG:	Stopped spawning food on top of the snake	17/08/2018	07:48:20 AM
DEBUG:	que item 2 for 5000ms	17/08/2018	07:48:20 AM
DEBUG:	Ate Gold Apple at (120, 360)	17/08/2018	07:48:20 AM
DEBUG:	Ate Gold Apple at (120, 300)	17/08/2018	07:48:21 AM
DEBUG:	Ate Cherry at (240, 60)	17/08/2018	07:48:23 AM
DEBUG:	Eggplant timed out at (240, 60)	17/08/2018	07:48:23 AM
DEBUG:	Ate Red Apple at (580, 80)	17/08/2018	07:48:24 AM
DEBUG:	Ate Cherry at (660, 140)	17/08/2018	07:48:25 AM
DEBUG:	Eggplant timed out at (660, 140)	17/08/2018	07:48:25 AM
DEBUG:	Eggplant timed out at (560, 380)	17/08/2018	07:48:25 AM
DEBUG:	Stopped spawning food on top of the snake	17/08/2018	07:48:27 AM
DEBUG:	Ate Gold Apple at (620, 300)	17/08/2018	07:48:27 AM
DEBUG:	Ate Cherry at (620, 460)	17/08/2018	07:48:27 AM
DEBUG:	Eggplant timed out at (620, 460)	17/08/2018	07:48:27 AM
DEBUG:	Ate Red Apple at (580, 460)	17/08/2018	07:48:28 AM
DEBUG:	Ate Red Apple at (580, 460)	17/08/2018	07:48:28 AM
DEBUG:	Ate Red Apple at (580, 300)	17/08/2018	07:48:29 AM
DEBUG:	Ate Red Apple at (140, 240)	17/08/2018	07:48:32 AM
DEBUG:	Ate Gold Apple at (180, 340)	17/08/2018	07:48:33 AM
DEBUG:	Ate Red Apple at (660, 360)	17/08/2018	07:48:37 AM
DEBUG:	Ate Gold Apple at (660, 100)	17/08/2018	07:48:39 AM
DEBUG:	que item 2 for 5000ms	17/08/2018	07:48:40 AM
DEBUG:	Ate Red Apple at (400, 40)	17/08/2018	07:48:40 AM
DEBUG:	que item 2 for 5000ms	17/08/2018	07:48:40 AM
DEBUG:	Ate Red Apple at (280, 40)	17/08/2018	07:48:40 AM
DEBUG:	Ate Red Apple at (200, 40)	17/08/2018	07:48:41 AM
DEBUG:	que item 2 for 5000ms	17/08/2018	07:48:42 AM
DEBUG:	Ate Red Apple at (200, 100)	17/08/2018	07:48:42 AM
DEBUG:	Ate Red Apple at (320, 220)	17/08/2018	07:48:43 AM
DEBUG:	Ate Red Apple at (560, 400)	17/08/2018	07:48:45 AM
DEBUG:	Ate Red Apple at (560, 460)	17/08/2018	07:48:45 AM
DEBUG:	Eggplant timed out at (580, 480)	17/08/2018	07:48:47 AM
DEBUG:	Eggplant timed out at (520, 440)	17/08/2018	07:48:47 AM
DEBUG:	Ate Red Apple at (620, 120)	17/08/2018	07:48:48 AM
DEBUG:	Ate Cherry at (400, 80)	17/08/2018	07:48:49 AM
DEBUG:	Eggplant timed out at (400, 80)	17/08/2018	07:48:49 AM
DEBUG:	que item 2 for 5000ms	17/08/2018	07:48:51 AM
DEBUG:	que item 2 for 5000ms	17/08/2018	07:48:51 AM
DEBUG:	Ate Gold Apple at (260, 160)	17/08/2018	07:48:51 AM
DEBUG:	Ate Cherry at (460, 380)	17/08/2018	07:48:53 AM
DEBUG:	Eggplant timed out at (460, 380)	17/08/2018	07:48:53 AM
DEBUG:	Ate Gold Apple at (420, 340)	17/08/2018	07:48:53 AM
DEBUG:	Ate Red Apple at (40, 460)	17/08/2018	07:48:56 AM
DEBUG:	Eggplant timed out at (40, 140)	17/08/2018	07:48:56 AM
DEBUG:	que item 2 for 5000ms	17/08/2018	07:48:57 AM
DEBUG:	Ate Red Apple at (40, 260)	17/08/2018	07:48:57 AM
DEBUG:	Stopped spawning food on top of the snake	17/08/2018	07:48:59 AM
DEBUG:	que item 2 for 5000ms	17/08/2018	07:48:59 AM
DEBUG:	Ate Red Apple at (340, 140)	17/08/2018	07:48:59 AM
DEBUG:	que item 2 for 5000ms	17/08/2018	07:49:00 AM
DEBUG:	Stopped spawning food on top of the snake	17/08/2018	07:49:00 AM
DEBUG:	que item 2 for 5000ms	17/08/2018	07:49:00 AM
DEBUG:	Ate Gold Apple at (520, 80)	17/08/2018	07:49:00 AM
DEBUG:	Ate Gold Apple at (580, 260)	17/08/2018	07:49:02 AM
DEBUG:	Ate Gold Apple at (500, 440)	17/08/2018	07:49:03 AM
DEBUG:	Ate Cherry at (440, 360)	17/08/2018	07:49:04 AM
DEBUG:	Eggplant timed out at (440, 360)	17/08/2018	07:49:04 AM
DEBUG:	Ate Cherry at (300, 460)	17/08/2018	07:49:05 AM
DEBUG:	Eggplant timed out at (300, 460)	17/08/2018	07:49:05 AM
DEBUG:	Eggplant timed out at (600, 180)	17/08/2018	07:49:05 AM
DEBUG:	Ate Cherry at (220, 160)	17/08/2018	07:49:07 AM
DEBUG:	Eggplant timed out at (220, 160)	17/08/2018	07:49:07 AM
DEBUG:	Ate Red Apple at (120, 180)	17/08/2018	07:49:08 AM
DEBUG:	que item 2 for 5000ms	17/08/2018	07:49:09 AM
DEBUG:	Ate Red Apple at (60, 380)	17/08/2018	07:49:09 AM
DEBUG:	Ate Red Apple at (680, 440)	17/08/2018	07:49:13 AM
DEBUG:	Ate Red Apple at (520, 380)	17/08/2018	07:49:14 AM
DEBUG:	Eggplant timed out at (340, 360)	17/08/2018	07:49:14 AM
DEBUG:	Ate Gold Apple at (280, 340)	17/08/2018	07:49:17 AM
DEBUG:	Ate Gold Apple at (220, 200)	17/08/2018	07:49:18 AM
DEBUG:	Stopped spawning food on top of the snake	17/08/2018	07:49:19 AM
DEBUG:	Ate Gold Apple at (160, 140)	17/08/2018	07:49:19 AM
DEBUG:	que item 2 for 5000ms	17/08/2018	07:49:20 AM
DEBUG:	Ate Red Apple at (100, 280)	17/08/2018	07:49:20 AM
DEBUG:	Ate Cherry at (580, 320)	17/08/2018	07:49:24 AM
DEBUG:	Eggplant timed out at (580, 320)	17/08/2018	07:49:24 AM
DEBUG:	Ate Red Apple at (580, 160)	17/08/2018	07:49:24 AM
DEBUG:	que item 2 for 5000ms	17/08/2018	07:49:25 AM
DEBUG:	Ate Red Apple at (560, 120)	17/08/2018	07:49:25 AM
DEBUG:	Ate Red Apple at (440, 60)	17/08/2018	07:49:29 AM
DEBUG:	Eggplant timed out at (60, 380)	17/08/2018	07:49:30 AM
DEBUG:	Ate Red Apple at (60, 120)	17/08/2018	07:49:35 AM
DEBUG:	Stopped spawning food on top of the snake	17/08/2018	07:49:40 AM
DEBUG:	Stopped spawning food on top of the snake	17/08/2018	07:49:40 AM
DEBUG:	que item 2 for 5000ms	17/08/2018	07:49:40 AM
DEBUG:	Ate Red Apple at (80, 160)	17/08/2018	07:49:40 AM
DEBUG:	Stopped spawning food on top of the snake	17/08/2018	07:49:41 AM
DEBUG:	que item 2 for 5000ms	17/08/2018	07:49:42 AM
DEBUG:	que item 2 for 5000ms	17/08/2018	07:49:42 AM
DEBUG:	Ate Gold Apple at (220, 240)	17/08/2018	07:49:42 AM
DEBUG:	que item 2 for 5000ms	17/08/2018	07:49:43 AM
DEBUG:	que item 2 for 5000ms	17/08/2018	07:49:43 AM
DEBUG:	Ate Gold Apple at (480, 200)	17/08/2018	07:49:43 AM
DEBUG:	Ate Red Apple at (380, 280)	17/08/2018	07:49:44 AM
DEBUG:	Ate Cherry at (400, 480)	17/08/2018	07:49:45 AM
DEBUG:	Eggplant timed out at (400, 480)	17/08/2018	07:49:45 AM
DEBUG:	Eggplant timed out at (280, 220)	17/08/2018	07:49:48 AM
DEBUG:	Eggplant timed out at (460, 120)	17/08/2018	07:49:48 AM
DEBUG:	que item 2 for 5000ms	17/08/2018	07:49:49 AM
DEBUG:	Ate Red Apple at (600, 40)	17/08/2018	07:49:49 AM
DEBUG:	Ate Cherry at (360, 140)	17/08/2018	07:49:51 AM
DEBUG:	Eggplant timed out at (360, 140)	17/08/2018	07:49:51 AM
DEBUG:	Ate Gold Apple at (200, 180)	17/08/2018	07:49:51 AM
DEBUG:	Ate Cherry at (80, 300)	17/08/2018	07:49:52 AM
DEBUG:	Eggplant timed out at (80, 300)	17/08/2018	07:49:52 AM
DEBUG:	Stopped spawning food on top of the snake	17/08/2018	07:49:53 AM
DEBUG:	Stopped spawning food on top of the snake	17/08/2018	07:49:53 AM
DEBUG:	que item 2 for 5000ms	17/08/2018	07:49:53 AM
DEBUG:	que item 2 for 5000ms	17/08/2018	07:49:53 AM
DEBUG:	Ate Gold Apple at (120, 420)	17/08/2018	07:49:53 AM
DEBUG:	que item 2 for 5000ms	17/08/2018	07:49:53 AM
DEBUG:	Ate Red Apple at (120, 440)	17/08/2018	07:49:53 AM
DEBUG:	Stopped spawning food on top of the snake	17/08/2018	07:49:53 AM
DEBUG:	Ate Gold Apple at (140, 480)	17/08/2018	07:49:53 AM
DEBUG:	Ate Cherry at (200, 440)	17/08/2018	07:49:54 AM
DEBUG:	Eggplant timed out at (200, 440)	17/08/2018	07:49:54 AM
DEBUG:	Stopped spawning food on top of the snake	17/08/2018	07:49:54 AM
DEBUG:	Ate Red Apple at (180, 380)	17/08/2018	07:49:54 AM
DEBUG:	Stopped spawning food on top of the snake	17/08/2018	07:49:54 AM
DEBUG:	Ate Red Apple at (160, 380)	17/08/2018	07:49:54 AM
DEBUG:	Stopped spawning food on top of the snake	17/08/2018	07:49:55 AM
DEBUG:	que item 2 for 5000ms	17/08/2018	07:49:55 AM
DEBUG:	que item 2 for 5000ms	17/08/2018	07:49:55 AM
DEBUG:	Ate Gold Apple at (260, 220)	17/08/2018	07:49:55 AM
DEBUG:	Ate Red Apple at (380, 240)	17/08/2018	07:49:56 AM
DEBUG:	Ate Red Apple at (340, 400)	17/08/2018	07:49:57 AM
DEBUG:	Ate Gold Apple at (300, 440)	17/08/2018	07:49:59 AM
DEBUG:	Eggplant timed out at (660, 400)	17/08/2018	07:50:00 AM
DEBUG:	Eggplant timed out at (580, 80)	17/08/2018	07:50:00 AM
DEBUG:	Eggplant timed out at (240, 80)	17/08/2018	07:50:00 AM
DEBUG:	Ate Cherry at (580, 420)	17/08/2018	07:50:01 AM
DEBUG:	Eggplant timed out at (580, 420)	17/08/2018	07:50:01 AM
DEBUG:	Ate Red Apple at (660, 240)	17/08/2018	07:50:02 AM
DEBUG:	Ate Red Apple at (660, 120)	17/08/2018	07:50:03 AM
DEBUG:	Stopped spawning food on top of the snake	17/08/2018	07:50:04 AM
DEBUG:	Stopped spawning food on top of the snake	17/08/2018	07:50:04 AM
DEBUG:	que item 2 for 5000ms	17/08/2018	07:50:04 AM
DEBUG:	Ate Red Apple at (300, 100)	17/08/2018	07:50:04 AM
DEBUG:	Ate Red Apple at (220, 80)	17/08/2018	07:50:05 AM
DEBUG:	Ate Gold Apple at (120, 260)	17/08/2018	07:50:06 AM
DEBUG:	Ate Gold Apple at (80, 420)	17/08/2018	07:50:07 AM
DEBUG:	Ate Gold Apple at (160, 460)	17/08/2018	07:50:07 AM
DEBUG:	Eggplant timed out at (280, 380)	17/08/2018	07:50:09 AM
DEBUG:	Ate Gold Apple at (680, 260)	17/08/2018	07:50:14 AM
DEBUG:	Eggplant timed out at (620, 460)	17/08/2018	07:50:14 AM
DEBUG:	que item 2 for 5000ms	17/08/2018	07:50:16 AM
DEBUG:	Ate Red Apple at (480, 400)	17/08/2018	07:50:16 AM
DEBUG:	Ate Red Apple at (360, 380)	17/08/2018	07:50:18 AM
DEBUG:	Stopped spawning food on top of the snake	17/08/2018	07:50:18 AM
DEBUG:	Ate Gold Apple at (360, 420)	17/08/2018	07:50:18 AM
DEBUG:	Eggplant timed out at (200, 360)	17/08/2018	07:50:21 AM
DEBUG:	Ate Gold Apple at (280, 180)	17/08/2018	07:50:21 AM
DEBUG:	Ate Red Apple at (280, 60)	17/08/2018	07:50:23 AM
DEBUG:	Ate Gold Apple at (480, 60)	17/08/2018	07:50:24 AM
DEBUG:	Ate Red Apple at (460, 120)	17/08/2018	07:50:26 AM
DEBUG:	Stopped spawning food on top of the snake	17/08/2018	07:50:27 AM
DEBUG:	que item 2 for 5000ms	17/08/2018	07:50:27 AM
DEBUG:	que item 2 for 5000ms	17/08/2018	07:50:27 AM
DEBUG:	Ate Gold Apple at (600, 120)	17/08/2018	07:50:27 AM
DEBUG:	que item 2 for 5000ms	17/08/2018	07:50:31 AM
DEBUG:	Ate Red Apple at (280, 440)	17/08/2018	07:50:31 AM
DEBUG:	que item 2 for 5000ms	17/08/2018	07:50:33 AM
DEBUG:	que item 2 for 5000ms	17/08/2018	07:50:33 AM
DEBUG:	Ate Gold Apple at (440, 320)	17/08/2018	07:50:33 AM
DEBUG:	Stopped spawning food on top of the snake	17/08/2018	07:50:34 AM
DEBUG:	que item 2 for 5000ms	17/08/2018	07:50:34 AM
DEBUG:	que item 2 for 5000ms	17/08/2018	07:50:34 AM
DEBUG:	Ate Gold Apple at (440, 280)	17/08/2018	07:50:34 AM
DEBUG:	Ate Cherry at (220, 120)	17/08/2018	07:50:37 AM
DEBUG:	Eggplant timed out at (220, 120)	17/08/2018	07:50:37 AM
DEBUG:	Ate Cherry at (60, 240)	17/08/2018	07:50:38 AM
DEBUG:	Eggplant timed out at (60, 240)	17/08/2018	07:50:38 AM
DEBUG:	que item 2 for 5000ms	17/08/2018	07:50:38 AM
DEBUG:	Ate Red Apple at (40, 320)	17/08/2018	07:50:38 AM
DEBUG:	Ate Red Apple at (560, 40)	17/08/2018	07:50:41 AM
DEBUG:	Ate Cherry at (580, 280)	17/08/2018	07:50:42 AM
DEBUG:	Eggplant timed out at (580, 280)	17/08/2018	07:50:42 AM
DEBUG:	Eggplant timed out at (660, 380)	17/08/2018	07:50:43 AM
DEBUG:	Eggplant timed out at (520, 300)	17/08/2018	07:50:43 AM
DEBUG:	Eggplant timed out at (460, 220)	17/08/2018	07:50:43 AM
DEBUG:	Ate Red Apple at (340, 460)	17/08/2018	07:50:46 AM
DEBUG:	Eggplant timed out at (500, 180)	17/08/2018	07:50:48 AM
DEBUG:	Ate Red Apple at (460, 220)	17/08/2018	07:50:50 AM
DEBUG:	Stopped spawning food on top of the snake	17/08/2018	07:50:51 AM
DEBUG:	Stopped spawning food on top of the snake	17/08/2018	07:50:51 AM
DEBUG:	Stopped spawning food on top of the snake	17/08/2018	07:50:51 AM
DEBUG:	Ate Gold Apple at (400, 160)	17/08/2018	07:50:51 AM
DEBUG:	Ate Red Apple at (340, 160)	17/08/2018	07:50:51 AM
DEBUG:	Stopped spawning food on top of the snake	17/08/2018	07:50:52 AM
DEBUG:	que item 2 for 5000ms	17/08/2018	07:50:52 AM
DEBUG:	que item 2 for 5000ms	17/08/2018	07:50:52 AM
DEBUG:	Ate Gold Apple at (160, 240)	17/08/2018	07:50:52 AM
DEBUG:	que item 2 for 5000ms	17/08/2018	07:50:54 AM
DEBUG:	Ate Red Apple at (420, 80)	17/08/2018	07:50:54 AM
DEBUG:	Stopped spawning food on top of the snake	17/08/2018	07:50:55 AM
DEBUG:	que item 3 for 5000ms	17/08/2018	07:50:55 AM
DEBUG:	Ate Red Apple at (640, 100)	17/08/2018	07:50:55 AM
DEBUG:	Ate Cherry at (660, 260)	17/08/2018	07:50:56 AM
DEBUG:	Eggplant timed out at (660, 260)	17/08/2018	07:50:56 AM
DEBUG:	Ate Cherry at (620, 480)	17/08/2018	07:50:57 AM
DEBUG:	Eggplant timed out at (620, 480)	17/08/2018	07:50:57 AM
DEBUG:	Stopped spawning food on top of the snake	17/08/2018	07:50:58 AM
DEBUG:	que item 2 for 5000ms	17/08/2018	07:50:58 AM
DEBUG:	que item 2 for 5000ms	17/08/2018	07:50:58 AM
DEBUG:	Ate Gold Apple at (580, 400)	17/08/2018	07:50:58 AM
DEBUG:	que item 2 for 5000ms	17/08/2018	07:50:58 AM
DEBUG:	Ate Red Apple at (600, 380)	17/08/2018	07:50:58 AM
DEBUG:	Ate Cherry at (600, 340)	17/08/2018	07:50:58 AM
DEBUG:	Eggplant timed out at (600, 340)	17/08/2018	07:50:58 AM
DEBUG:	Stopped spawning food on top of the snake	17/08/2018	07:50:58 AM
DEBUG:	que item 2 for 5000ms	17/08/2018	07:50:58 AM
DEBUG:	Ate Red Apple at (560, 340)	17/08/2018	07:50:58 AM
DEBUG:	Ate Cherry at (520, 440)	17/08/2018	07:50:59 AM
DEBUG:	Eggplant timed out at (520, 440)	17/08/2018	07:50:59 AM
DEBUG:	Eggplant timed out at (40, 280)	17/08/2018	07:51:00 AM
DEBUG:	Ate Gold Apple at (120, 360)	17/08/2018	07:51:02 AM
DEBUG:	Eggplant timed out at (240, 360)	17/08/2018	07:51:03 AM
DEBUG:	Eggplant timed out at (480, 180)	17/08/2018	07:51:03 AM
DEBUG:	Ate Red Apple at (40, 40)	17/08/2018	07:51:05 AM
DEBUG:	Eggplant timed out at (500, 340)	17/08/2018	07:51:08 AM
DEBUG:	Stopped spawning food on top of the snake	17/08/2018	07:51:11 AM
DEBUG:	que item 3 for 5000ms	17/08/2018	07:51:11 AM
DEBUG:	Ate Red Apple at (460, 120)	17/08/2018	07:51:11 AM
DEBUG:	Ate Cherry at (420, 320)	17/08/2018	07:51:12 AM
DEBUG:	Eggplant timed out at (420, 320)	17/08/2018	07:51:12 AM
DEBUG:	que item 3 for 5000ms	17/08/2018	07:51:14 AM
DEBUG:	Ate Eggplant at (480, 380)	17/08/2018	07:51:14 AM
DEBUG:	Eggplant timed out at (480, 380)	17/08/2018	07:51:14 AM
DEBUG:	Eggplant timed out at (600, 260)	17/08/2018	07:51:19 AM
DEBUG:	que item 2 for 5000ms	17/08/2018	07:51:25 AM
DEBUG:	Ate Red Apple at (560, 340)	17/08/2018	07:51:25 AM
DEBUG:	Ate Red Apple at (620, 160)	17/08/2018	07:51:27 AM
DEBUG:	Eggplant timed out at (320, 320)	17/08/2018	07:51:30 AM
DEBUG:	Stopped spawning food on top of the snake	17/08/2018	07:51:32 AM
DEBUG:	que item 3 for 5000ms	17/08/2018	07:51:32 AM
DEBUG:	Ate Red Apple at (100, 80)	17/08/2018	07:51:32 AM
DEBUG:	que item 2 for 5000ms	17/08/2018	07:51:34 AM
DEBUG:	Stopped spawning food on top of the snake	17/08/2018	07:51:34 AM
DEBUG:	que item 2 for 5000ms	17/08/2018	07:51:34 AM
DEBUG:	Ate Gold Apple at (180, 240)	17/08/2018	07:51:34 AM
DEBUG:	que item 3 for 5000ms	17/08/2018	07:51:34 AM
DEBUG:	Ate Eggplant at (180, 260)	17/08/2018	07:51:34 AM
DEBUG:	Eggplant timed out at (180, 260)	17/08/2018	07:51:34 AM
DEBUG:	Ate Red Apple at (300, 320)	17/08/2018	07:51:36 AM
DEBUG:	Eggplant timed out at (380, 240)	17/08/2018	07:51:39 AM
DEBUG:	Eggplant timed out at (620, 440)	17/08/2018	07:51:39 AM
DEBUG:	que item 2 for 5000ms	17/08/2018	07:51:43 AM
DEBUG:	que item 2 for 5000ms	17/08/2018	07:51:43 AM
DEBUG:	Ate Gold Apple at (240, 400)	17/08/2018	07:51:43 AM
DEBUG:	Ate Gold Apple at (380, 400)	17/08/2018	07:51:43 AM
DEBUG:	Eggplant timed out at (60, 180)	17/08/2018	07:51:48 AM
DEBUG:	Eggplant timed out at (260, 300)	17/08/2018	07:51:48 AM
INFO:	Snake ate itself	17/08/2018	07:51:49 AM
INFO:	Score	593	17/08/2018	07:51:49 AM
INFO:	Score	593	17/08/2018	07:51:49 AM
INFO:	Score	593	17/08/2018	07:51:49 AM
INFO:	Score	593	17/08/2018	07:51:49 AM
INFO:	Score	593	17/08/2018	07:51:49 AM
INFO:	Score	593	17/08/2018	07:51:49 AM
INFO:	Score	593	17/08/2018	07:51:49 AM
INFO:	Score	593	17/08/2018	07:51:49 AM
INFO:	Score	593	17/08/2018	07:51:49 AM
INFO:	Score	593	17/08/2018	07:51:49 AM
INFO:	Score	593	17/08/2018	07:51:49 AM
INFO:	Score	593	17/08/2018	07:51:49 AM
INFO:	Score	593	17/08/2018	07:51:49 AM
INFO:	Score	593	17/08/2018	07:51:49 AM
INFO:	Score	593	17/08/2018	07:51:49 AM
INFO:	Score	593	17/08/2018	07:51:49 AM
INFO:	Score	593	17/08/2018	07:51:49 AM
INFO:	Score	593	17/08/2018	07:51:49 AM
INFO:	Score	593	17/08/2018	07:51:49 AM
INFO:	Score	593	17/08/2018	07:51:49 AM
INFO:	Score	593	17/08/2018	07:51:49 AM
INFO:	Score	593	17/08/2018	07:51:49 AM
INFO:	Score	593	17/08/2018	07:51:49 AM
INFO:	Score	593	17/08/2018	07:51:49 AM
INFO:	Score	593	17/08/2018	07:51:49 AM
INFO:	Score	593	17/08/2018	07:51:49 AM
INFO:	Score	593	17/08/2018	07:51:50 AM
INFO:	Score	593	17/08/2018	07:51:50 AM
INFO:	Score	593	17/08/2018	07:51:50 AM
INFO:	Score	593	17/08/2018	07:51:50 AM
INFO:	Score	593	17/08/2018	07:51:50 AM
INFO:	Score	593	17/08/2018	07:51:50 AM
INFO:	Score	593	17/08/2018	07:51:50 AM
INFO:	Score	593	17/08/2018	07:51:50 AM
INFO:	Score	593	17/08/2018	07:51:50 AM
INFO:	Score	593	17/08/2018	07:51:50 AM
INFO:	Score	593	17/08/2018	07:51:50 AM
INFO:	Score	593	17/08/2018	07:51:50 AM
INFO:	Score	593	17/08/2018	07:51:50 AM
INFO:	Score	593	17/08/2018	07:51:50 AM
INFO:	Score	593	17/08/2018	07:51:50 AM
INFO:	Score	593	17/08/2018	07:51:50 AM
INFO:	Score	593	17/08/2018	07:51:50 AM
INFO:	Score	593	17/08/2018	07:51:50 AM
INFO:	Score	593	17/08/2018	07:51:50 AM
INFO:	Score	593	17/08/2018	07:51:50 AM
INFO:	Score	593	17/08/2018	07:51:50 AM
INFO:	Score	593	17/08/2018	07:51:50 AM
INFO:	Score	593	17/08/2018	07:51:50 AM
INFO:	Score	593	17/08/2018	07:51:50 AM
INFO:	Score	593	17/08/2018	07:51:50 AM
INFO:	Score	593	17/08/2018	07:51:50 AM
INFO:	Score	593	17/08/2018	07:51:50 AM
INFO:	Score	593	17/08/2018	07:51:50 AM
INFO:	Score	593	17/08/2018	07:51:50 AM
INFO:	Score	593	17/08/2018	07:51:50 AM
INFO:	Score	593	17/08/2018	07:51:50 AM
INFO:	Score	593	17/08/2018	07:51:50 AM
INFO:	Score	593	17/08/2018	07:51:50 AM
INFO:	Score	593	17/08/2018	07:51:50 AM
INFO:	Score	593	17/08/2018	07:51:51 AM
INFO:	Score	593	17/08/2018	07:51:51 AM
INFO:	Score	593	17/08/2018	07:51:51 AM
INFO:	Score	593	17/08/2018	07:51:51 AM
INFO:	Score	593	17/08/2018	07:51:51 AM
INFO:	Score	593	17/08/2018	07:51:51 AM
INFO:	Score	593	17/08/2018	07:51:51 AM
INFO:	Score	593	17/08/2018	07:51:51 AM
INFO:	Score	593	17/08/2018	07:51:51 AM
INFO:	Score	593	17/08/2018	07:51:51 AM
INFO:	Score	593	17/08/2018	07:51:51 AM
INFO:	Score	593	17/08/2018	07:51:51 AM
INFO:	Score	593	17/08/2018	07:51:51 AM
INFO:	Score	593	17/08/2018	07:51:51 AM
INFO:	Score	593	17/08/2018	07:51:51 AM
INFO:	Score	593	17/08/2018	07:51:51 AM
INFO:	Score	593	17/08/2018	07:51:51 AM
INFO:	Score	593	17/08/2018	07:51:51 AM
INFO:	Score	593	17/08/2018	07:51:51 AM
INFO:	Score	593	17/08/2018	07:51:51 AM
INFO:	Score	593	17/08/2018	07:51:51 AM
INFO:	Score	593	17/08/2018	07:51:51 AM
INFO:	Score	593	17/08/2018	07:51:51 AM
INFO:	Score	593	17/08/2018	07:51:51 AM
INFO:	Score	593	17/08/2018	07:51:51 AM
INFO:	Score	593	17/08/2018	07:51:51 AM
INFO:	Score	593	17/08/2018	07:51:51 AM
INFO:	Score	593	17/08/2018	07:51:51 AM
INFO:	Score	593	17/08/2018	07:51:51 AM
INFO:	Score	593	17/08/2018	07:51:51 AM
INFO:	Score	593	17/08/2018	07:51:51 AM
INFO:	Score	593	17/08/2018	07:51:51 AM
INFO:	Score	593	17/08/2018	07:51:51 AM
INFO:	Score	593	17/08/2018	07:51:51 AM
INFO:	Score	593	17/08/2018	07:51:51 AM
INFO:	Score	593	17/08/2018	07:51:52 AM
INFO:	Score	593	17/08/2018	07:51:52 AM
INFO:	Score	593	17/08/2018	07:51:52 AM
INFO:	Score	593	17/08/2018	07:51:52 AM
INFO:	Score	593	17/08/2018	07:51:52 AM
INFO:	Score	593	17/08/2018	07:51:52 AM
INFO:	Score	593	17/08/2018	07:51:52 AM
INFO:	Score	593	17/08/2018	07:51:52 AM
INFO:	Score	593	17/08/2018	07:51:52 AM
INFO:	Score	593	17/08/2018	07:51:52 AM
INFO:	Score	593	17/08/2018	07:51:52 AM
INFO:	Score	593	17/08/2018	07:51:52 AM
INFO:	Score	593	17/08/2018	07:51:52 AM
INFO:	Score	593	17/08/2018	07:51:52 AM
INFO:	Score	593	17/08/2018	07:51:52 AM
INFO:	Score	593	17/08/2018	07:51:52 AM
INFO:	Score	593	17/08/2018	07:51:52 AM
INFO:	Score	593	17/08/2018	07:51:52 AM
INFO:	Score	593	17/08/2018	07:51:52 AM
INFO:	Score	593	17/08/2018	07:51:52 AM
INFO:	Score	593	17/08/2018	07:51:52 AM
INFO:	Score	593	17/08/2018	07:51:52 AM
INFO:	Score	593	17/08/2018	07:51:52 AM
INFO:	Score	593	17/08/2018	07:51:52 AM
INFO:	Score	593	17/08/2018	07:51:52 AM
INFO:	Score	593	17/08/2018	07:51:52 AM
INFO:	Score	593	17/08/2018	07:51:52 AM
INFO:	Score	593	17/08/2018	07:51:52 AM
INFO:	Score	593	17/08/2018	07:51:52 AM
INFO:	Score	593	17/08/2018	07:51:52 AM
INFO:	Score	593	17/08/2018	07:51:52 AM
INFO:	Score	593	17/08/2018	07:51:52 AM
INFO:	Score	593	17/08/2018	07:51:52 AM
INFO:	Score	593	17/08/2018	07:51:53 AM
INFO:	Score	593	17/08/2018	07:51:53 AM
INFO:	Score	593	17/08/2018	07:51:53 AM
INFO:	Score	593	17/08/2018	07:51:53 AM
INFO:	Score	593	17/08/2018	07:51:53 AM
INFO:	Score	593	17/08/2018	07:51:53 AM
INFO:	Score	593	17/08/2018	07:51:53 AM
INFO:	Score	593	17/08/2018	07:51:53 AM
INFO:	Score	593	17/08/2018	07:51:53 AM
INFO:	Score	593	17/08/2018	07:51:53 AM
INFO:	Score	593	17/08/2018	07:51:53 AM
INFO:	Score	593	17/08/2018	07:51:53 AM
INFO:	Score	593	17/08/2018	07:51:53 AM
INFO:	Score	593	17/08/2018	07:51:53 AM
INFO:	Score	593	17/08/2018	07:51:53 AM
INFO:	Score	593	17/08/2018	07:51:53 AM
INFO:	Score	593	17/08/2018	07:51:53 AM
INFO:	Score	593	17/08/2018	07:51:53 AM
INFO:	Score	593	17/08/2018	07:51:53 AM
INFO:	Score	593	17/08/2018	07:51:53 AM
INFO:	Score	593	17/08/2018	07:51:53 AM
INFO:	Score	593	17/08/2018	07:51:53 AM
INFO:	Score	593	17/08/2018	07:51:53 AM
INFO:	Score	593	17/08/2018	07:51:53 AM
INFO:	Score	593	17/08/2018	07:51:53 AM
INFO:	Score	593	17/08/2018	07:51:53 AM
INFO:	Score	593	17/08/2018	07:51:53 AM
INFO:	Score	593	17/08/2018	07:51:53 AM
INFO:	Score	593	17/08/2018	07:51:53 AM
INFO:	Score	593	17/08/2018	07:51:53 AM
INFO:	Score	593	17/08/2018	07:51:53 AM
INFO:	Score	593	17/08/2018	07:51:53 AM
INFO:	Score	593	17/08/2018	07:51:53 AM
INFO:	Score	593	17/08/2018	07:51:54 AM
INFO:	Score	593	17/08/2018	07:51:54 AM
INFO:	Score	593	17/08/2018	07:51:54 AM
INFO:	Score	593	17/08/2018	07:51:54 AM
INFO:	Score	593	17/08/2018	07:51:54 AM
INFO:	Score	593	17/08/2018	07:51:54 AM
INFO:	Score	593	17/08/2018	07:51:54 AM
INFO:	Score	593	17/08/2018	07:51:54 AM
INFO:	Score	593	17/08/2018	07:51:54 AM
INFO:	Score	593	17/08/2018	07:51:54 AM
INFO:	Score	593	17/08/2018	07:51:54 AM
INFO:	Score	593	17/08/2018	07:51:54 AM
INFO:	Score	593	17/08/2018	07:51:54 AM
INFO:	Score	593	17/08/2018	07:51:54 AM
INFO:	Score	593	17/08/2018	07:51:54 AM
INFO:	Score	593	17/08/2018	07:51:54 AM
INFO:	Score	593	17/08/2018	07:51:54 AM
INFO:	Score	593	17/08/2018	07:51:54 AM
INFO:	Score	593	17/08/2018	07:51:54 AM
INFO:	Score	593	17/08/2018	07:51:54 AM
INFO:	Score	593	17/08/2018	07:51:54 AM
INFO:	Score	593	17/08/2018	07:51:54 AM
INFO:	Score	593	17/08/2018	07:51:54 AM
INFO:	Score	593	17/08/2018	07:51:54 AM
INFO:	Score	593	17/08/2018	07:51:54 AM
INFO:	Score	593	17/08/2018	07:51:54 AM
INFO:	Score	593	17/08/2018	07:51:54 AM
INFO:	Score	593	17/08/2018	07:51:54 AM
INFO:	Score	593	17/08/2018	07:51:54 AM
INFO:	Score	593	17/08/2018	07:51:54 AM
INFO:	Score	593	17/08/2018	07:51:54 AM
INFO:	Score	593	17/08/2018	07:51:54 AM
INFO:	Score	593	17/08/2018	07:51:54 AM
INFO:	Score	593	17/08/2018	07:51:55 AM
INFO:	Score	593	17/08/2018	07:51:55 AM
INFO:	Score	593	17/08/2018	07:51:55 AM
INFO:	Score	593	17/08/2018	07:51:55 AM
INFO:	Score	593	17/08/2018	07:51:55 AM
INFO:	Score	593	17/08/2018	07:51:55 AM
INFO:	Score	593	17/08/2018	07:51:55 AM
INFO:	Score	593	17/08/2018	07:51:55 AM
INFO:	Score	593	17/08/2018	07:51:55 AM
INFO:	Score	593	17/08/2018	07:51:55 AM
INFO:	Score	593	17/08/2018	07:51:55 AM
INFO:	Score	593	17/08/2018	07:51:55 AM
INFO:	Score	593	17/08/2018	07:51:55 AM
INFO:	Score	593	17/08/2018	07:51:55 AM
INFO:	Score	593	17/08/2018	07:51:55 AM
INFO:	Score	593	17/08/2018	07:51:55 AM
INFO:	Score	593	17/08/2018	07:51:55 AM
INFO:	Score	593	17/08/2018	07:51:55 AM
INFO:	Score	593	17/08/2018	07:51:55 AM
INFO:	Score	593	17/08/2018	07:51:55 AM
INFO:	Score	593	17/08/2018	07:51:55 AM
INFO:	Score	593	17/08/2018	07:51:55 AM
INFO:	Score	593	17/08/2018	07:51:55 AM
INFO:	Score	593	17/08/2018	07:51:55 AM
INFO:	Score	593	17/08/2018	07:51:55 AM
INFO:	Score	593	17/08/2018	07:51:55 AM
INFO:	Score	593	17/08/2018	07:51:55 AM
INFO:	Score	593	17/08/2018	07:51:55 AM
INFO:	Score	593	17/08/2018	07:51:55 AM
INFO:	Score	593	17/08/2018	07:51:55 AM
INFO:	Score	593	17/08/2018	07:51:55 AM
INFO:	Score	593	17/08/2018	07:51:55 AM
INFO:	Score	593	17/08/2018	07:51:55 AM
INFO:	Score	593	17/08/2018	07:51:55 AM
INFO:	Score	593	17/08/2018	07:51:55 AM
INFO:	Score	593	17/08/2018	07:51:56 AM
INFO:	Score	593	17/08/2018	07:51:56 AM
INFO:	Score	593	17/08/2018	07:51:56 AM
INFO:	Score	593	17/08/2018	07:51:56 AM
INFO:	Score	593	17/08/2018	07:51:56 AM
INFO:	Score	593	17/08/2018	07:51:56 AM
INFO:	Score	593	17/08/2018	07:51:56 AM
INFO:	Score	593	17/08/2018	07:51:56 AM
INFO:	Score	593	17/08/2018	07:51:56 AM
INFO:	Score	593	17/08/2018	07:51:56 AM
INFO:	Score	593	17/08/2018	07:51:56 AM
INFO:	Score	593	17/08/2018	07:51:56 AM
INFO:	Score	593	17/08/2018	07:51:56 AM
INFO:	Score	593	17/08/2018	07:51:56 AM
INFO:	Score	593	17/08/2018	07:51:56 AM
INFO:	Score	593	17/08/2018	07:51:56 AM
INFO:	Score	593	17/08/2018	07:51:56 AM
INFO:	Score	593	17/08/2018	07:51:56 AM
INFO:	Score	593	17/08/2018	07:51:56 AM
INFO:	Score	593	17/08/2018	07:51:56 AM
INFO:	Score	593	17/08/2018	07:51:56 AM
INFO:	Score	593	17/08/2018	07:51:56 AM
INFO:	Score	593	17/08/2018	07:51:56 AM
INFO:	Score	593	17/08/2018	07:51:56 AM
INFO:	Score	593	17/08/2018	07:51:56 AM
INFO:	Score	593	17/08/2018	07:51:56 AM
INFO:	Score	593	17/08/2018	07:51:56 AM
INFO:	Score	593	17/08/2018	07:51:56 AM
INFO:	Score	593	17/08/2018	07:51:56 AM
INFO:	Score	593	17/08/2018	07:51:56 AM
INFO:	Score	593	17/08/2018	07:51:56 AM
INFO:	Score	593	17/08/2018	07:51:56 AM
INFO:	Score	593	17/08/2018	07:51:56 AM
INFO:	Score	593	17/08/2018	07:51:56 AM
INFO:	Score	593	17/08/2018	07:51:56 AM
INFO:	Score	593	17/08/2018	07:51:57 AM
INFO:	Score	593	17/08/2018	07:51:57 AM
INFO:	Score	593	17/08/2018	07:51:57 AM
INFO:	Score	593	17/08/2018	07:51:57 AM
INFO:	Score	593	17/08/2018	07:51:57 AM
INFO:	Score	593	17/08/2018	07:51:57 AM
INFO:	Score	593	17/08/2018	07:51:57 AM
INFO:	Score	593	17/08/2018	07:51:57 AM
INFO:	Score	593	17/08/2018	07:51:57 AM
INFO:	Score	593	17/08/2018	07:51:57 AM
INFO:	Score	593	17/08/2018	07:51:57 AM
INFO:	Score	593	17/08/2018	07:51:57 AM
INFO:	Score	593	17/08/2018	07:51:57 AM
INFO:	Score	593	17/08/2018	07:51:57 AM
INFO:	Score	593	17/08/2018	07:51:57 AM
INFO:	Score	593	17/08/2018	07:51:57 AM
INFO:	Score	593	17/08/2018	07:51:57 AM
INFO:	Score	593	17/08/2018	07:51:57 AM
INFO:	Score	593	17/08/2018	07:51:57 AM
INFO:	Score	593	17/08/2018	07:51:57 AM
INFO:	Score	593	17/08/2018	07:51:57 AM
INFO:	Score	593	17/08/2018	07:51:57 AM
INFO:	Score	593	17/08/2018	07:51:57 AM
INFO:	Score	593	17/08/2018	07:51:57 AM
INFO:	Score	593	17/08/2018	07:51:57 AM
INFO:	Score	593	17/08/2018	07:51:57 AM
INFO:	Score	593	17/08/2018	07:51:57 AM
INFO:	Score	593	17/08/2018	07:51:57 AM
INFO:	Score	593	17/08/2018	07:51:57 AM
INFO:	Score	593	17/08/2018	07:51:57 AM
INFO:	Score	593	17/08/2018	07:51:57 AM
INFO:	Score	593	17/08/2018	07:51:57 AM
INFO:	Score	593	17/08/2018	07:51:57 AM
INFO:	Score	593	17/08/2018	07:51:57 AM
INFO:	Score	593	17/08/2018	07:51:58 AM
INFO:	Score	593	17/08/2018	07:51:58 AM
INFO:	Score	593	17/08/2018	07:51:58 AM
INFO:	Score	593	17/08/2018	07:51:58 AM
INFO:	Score	593	17/08/2018	07:51:58 AM
INFO:	Score	593	17/08/2018	07:51:58 AM
INFO:	Score	593	17/08/2018	07:51:58 AM
INFO:	Score	593	17/08/2018	07:51:58 AM
INFO:	Score	593	17/08/2018	07:51:58 AM
INFO:	Score	593	17/08/2018	07:51:58 AM
INFO:	Score	593	17/08/2018	07:51:58 AM
INFO:	Score	593	17/08/2018	07:51:58 AM
INFO:	Score	593	17/08/2018	07:51:58 AM
INFO:	Score	593	17/08/2018	07:51:58 AM
INFO:	Score	593	17/08/2018	07:51:58 AM
INFO:	Score	593	17/08/2018	07:51:58 AM
INFO:	Score	593	17/08/2018	07:51:58 AM
INFO:	Score	593	17/08/2018	07:51:58 AM
INFO:	Score	593	17/08/2018	07:51:58 AM
INFO:	Score	593	17/08/2018	07:51:58 AM
INFO:	Score	593	17/08/2018	07:51:58 AM
INFO:	Score	593	17/08/2018	07:51:58 AM
INFO:	Score	593	17/08/2018	07:51:58 AM
INFO:	Score	593	17/08/2018	07:51:58 AM
INFO:	Score	593	17/08/2018	07:51:58 AM
INFO:	Score	593	17/08/2018	07:51:58 AM
INFO:	Score	593	17/08/2018	07:51:58 AM
INFO:	Score	593	17/08/2018	07:51:58 AM
INFO:	Score	593	17/08/2018	07:51:58 AM
INFO:	Score	593	17/08/2018	07:51:58 AM
INFO:	Score	593	17/08/2018	07:51:58 AM
INFO:	Score	593	17/08/2018	07:51:58 AM
INFO:	Score	593	17/08/2018	07:51:58 AM
INFO:	Score	593	17/08/2018	07:51:58 AM
INFO:	Score	593	17/08/2018	07:51:58 AM
INFO:	Score	593	17/08/2018	07:51:59 AM
INFO:	Score	593	17/08/2018	07:51:59 AM
INFO:	Score	593	17/08/2018	07:51:59 AM
INFO:	Score	593	17/08/2018	07:51:59 AM
INFO:	Score	593	17/08/2018	07:51:59 AM
INFO:	Score	593	17/08/2018	07:51:59 AM
INFO:	Score	593	17/08/2018	07:51:59 AM
INFO:	Score	593	17/08/2018	07:51:59 AM
INFO:	Score	593	17/08/2018	07:51:59 AM
INFO:	Score	593	17/08/2018	07:51:59 AM
INFO:	Score	593	17/08/2018	07:51:59 AM
INFO:	Score	593	17/08/2018	07:51:59 AM
INFO:	Score	593	17/08/2018	07:51:59 AM
INFO:	Score	593	17/08/2018	07:51:59 AM
INFO:	Score	593	17/08/2018	07:51:59 AM
INFO:	Score	593	17/08/2018	07:51:59 AM
INFO:	Score	593	17/08/2018	07:51:59 AM
INFO:	Score	593	17/08/2018	07:51:59 AM
INFO:	Score	593	17/08/2018	07:51:59 AM
INFO:	Score	593	17/08/2018	07:51:59 AM
INFO:	Score	593	17/08/2018	07:51:59 AM
INFO:	Score	593	17/08/2018	07:51:59 AM
INFO:	Score	593	17/08/2018	07:51:59 AM
INFO:	Score	593	17/08/2018	07:51:59 AM
INFO:	Score	593	17/08/2018	07:51:59 AM
INFO:	Score	593	17/08/2018	07:51:59 AM
INFO:	Score	593	17/08/2018	07:51:59 AM
INFO:	Score	593	17/08/2018	07:51:59 AM
INFO:	Score	593	17/08/2018	07:51:59 AM
INFO:	Score	593	17/08/2018	07:51:59 AM
INFO:	Score	593	17/08/2018	07:51:59 AM
INFO:	Score	593	17/08/2018	07:51:59 AM
INFO:	Score	593	17/08/2018	07:51:59 AM
INFO:	Score	593	17/08/2018	07:51:59 AM
INFO:	Score	593	17/08/2018	07:52:00 AM
INFO:	Score	593	17/08/2018	07:52:00 AM
INFO:	Score	593	17/08/2018	07:52:00 AM
INFO:	Score	593	17/08/2018	07:52:00 AM
INFO:	Score	593	17/08/2018	07:52:00 AM
INFO:	Score	593	17/08/2018	07:52:00 AM
INFO:	Score	593	17/08/2018	07:52:00 AM
INFO:	Score	593	17/08/2018	07:52:00 AM
INFO:	Score	593	17/08/2018	07:52:00 AM
INFO:	Score	593	17/08/2018	07:52:00 AM
INFO:	Score	593	17/08/2018	07:52:00 AM
INFO:	Score	593	17/08/2018	07:52:00 AM
INFO:	Score	593	17/08/2018	07:52:00 AM
INFO:	Score	593	17/08/2018	07:52:00 AM
INFO:	Score	593	17/08/2018	07:52:00 AM
INFO:	Score	593	17/08/2018	07:52:00 AM
INFO:	Score	593	17/08/2018	07:52:00 AM
INFO:	Score	593	17/08/2018	07:52:00 AM
INFO:	Score	593	17/08/2018	07:52:00 AM
INFO:	Score	593	17/08/2018	07:52:00 AM
INFO:	Score	593	17/08/2018	07:52:00 AM
INFO:	Score	593	17/08/2018	07:52:00 AM
INFO:	Score	593	17/08/2018	07:52:00 AM
INFO:	Score	593	17/08/2018	07:52:00 AM
INFO:	Score	593	17/08/2018	07:52:00 AM
INFO:	Score	593	17/08/2018	07:52:00 AM
INFO:	Score	593	17/08/2018	07:52:00 AM
INFO:	Score	593	17/08/2018	07:52:00 AM
INFO:	Score	593	17/08/2018	07:52:00 AM
INFO:	Score	593	17/08/2018	07:52:00 AM
INFO:	Score	593	17/08/2018	07:52:00 AM
INFO:	Score	593	17/08/2018	07:52:00 AM
INFO:	Score	593	17/08/2018	07:52:00 AM
INFO:	Score	593	17/08/2018	07:52:00 AM
INFO:	Score	593	17/08/2018	07:52:01 AM
INFO:	Score	593	17/08/2018	07:52:01 AM
INFO:	Score	593	17/08/2018	07:52:01 AM
INFO:	Score	593	17/08/2018	07:52:01 AM
INFO:	Score	593	17/08/2018	07:52:01 AM
INFO:	Score	593	17/08/2018	07:52:01 AM
INFO:	Score	593	17/08/2018	07:52:01 AM
INFO:	Score	593	17/08/2018	07:52:01 AM
INFO:	Score	593	17/08/2018	07:52:01 AM
INFO:	Score	593	17/08/2018	07:52:01 AM
INFO:	Score	593	17/08/2018	07:52:01 AM
INFO:	Score	593	17/08/2018	07:52:01 AM
INFO:	Score	593	17/08/2018	07:52:01 AM
INFO:	Score	593	17/08/2018	07:52:01 AM
INFO:	Score	593	17/08/2018	07:52:01 AM
INFO:	Score	593	17/08/2018	07:52:01 AM
INFO:	Score	593	17/08/2018	07:52:01 AM
INFO:	Score	593	17/08/2018	07:52:01 AM
INFO:	Score	593	17/08/2018	07:52:01 AM
INFO:	Score	593	17/08/2018	07:52:01 AM
INFO:	Score	593	17/08/2018	07:52:01 AM
INFO:	Score	593	17/08/2018	07:52:01 AM
INFO:	Score	593	17/08/2018	07:52:01 AM
INFO:	Score	593	17/08/2018	07:52:01 AM
INFO:	Score	593	17/08/2018	07:52:01 AM
INFO:	Score	593	17/08/2018	07:52:01 AM
INFO:	Score	593	17/08/2018	07:52:01 AM
INFO:	Score	593	17/08/2018	07:52:01 AM
INFO:	Score	593	17/08/2018	07:52:01 AM
INFO:	Score	593	17/08/2018	07:52:01 AM
INFO:	Score	593	17/08/2018	07:52:01 AM
INFO:	Score	593	17/08/2018	07:52:01 AM
INFO:	Score	593	17/08/2018	07:52:02 AM
INFO:	Score	593	17/08/2018	07:52:02 AM
INFO:	Score	593	17/08/2018	07:52:02 AM
INFO:	Score	593	17/08/2018	07:52:02 AM
INFO:	Score	593	17/08/2018	07:52:02 AM
INFO:	Score	593	17/08/2018	07:52:02 AM
INFO:	Score	593	17/08/2018	07:52:02 AM
INFO:	Score	593	17/08/2018	07:52:02 AM
DEBUG:	Exit Game	17/08/2018	07:52:02 AM
